<?xml version="1.0" encoding="UTF-8"?>
<testsuite xmlns:xsi="http://www.w3.org/2001/XMLSchema-instance" xsi:noNamespaceSchemaLocation="https://maven.apache.org/surefire/maven-surefire-plugin/xsd/surefire-test-report-3.0.xsd" version="3.0" name="steps.CucumberRunnerTest" time="0.101" tests="6" errors="0" skipped="0" failures="0">
  <properties>
[...]
</properties>
  <testcase name="Add empty string returns 0" classname="String Calculator" time="0.039"/>
  <testcase name="Add one number returns same number" classname="String Calculator" time="0.001"/>
  <testcase name="Add two numbers return same number" classname="String Calculator" time="0.002"/>
  <testcase name="Use new line delimeter" classname="String Calculator" time="0.001"/>
  <testcase name="Use my own delimeter" classname="String Calculator" time="0.001"/>
  <testcase name="Feed negative number throws exception" classname="String Calculator" time="0.004"/>
</testsuite>